{
  message: 'Unauthorized token! Invalid or empty tokens.',
  locations: undefined,
  path: undefined,
  extensions: {
    code: 'UNAUTHENTICATED',
    serviceName: 'auth',
    exception: {
      stacktrace: [
        'AuthenticationError: Unauthorized token! Invalid or empty tokens.',
        '    at AuthDataSource.eval (webpack-internal:///./src/graphql/resolvers/authentication/authentication.datasource.ts:86:23)',
        '    at Generator.next (<anonymous>)',
        '    at fulfilled (webpack-internal:///./src/graphql/resolvers/authentication/authentication.datasource.ts:5:58)',
        '    at runMicrotasks (<anonymous>)',
        '    at processTicksAndRejections (internal/process/task_queues.js:95:5)'
      ],
      message: 'Unauthorized token! Invalid or empty tokens.',
      locations: [ { line: 1, column: 31 } ],
      path: [ 'querier' ]
    }
  },
  level: 'error',
  timestamp: '2022-07-07 21:01:08',
  stack: undefined
}
{
  message: 'Unauthorized token! Invalid or empty tokens.',
  locations: undefined,
  path: undefined,
  extensions: {
    code: 'UNAUTHENTICATED',
    serviceName: 'auth',
    exception: {
      stacktrace: [
        'AuthenticationError: Unauthorized token! Invalid or empty tokens.',
        '    at AuthDataSource.eval (webpack-internal:///./src/graphql/resolvers/authentication/authentication.datasource.ts:86:23)',
        '    at Generator.next (<anonymous>)',
        '    at fulfilled (webpack-internal:///./src/graphql/resolvers/authentication/authentication.datasource.ts:5:58)',
        '    at runMicrotasks (<anonymous>)',
        '    at processTicksAndRejections (internal/process/task_queues.js:95:5)'
      ],
      message: 'Unauthorized token! Invalid or empty tokens.',
      locations: [ { line: 1, column: 2 } ],
      path: [ 'refreshTokens' ]
    }
  },
  level: 'error',
  timestamp: '2022-07-07 21:01:08',
  stack: undefined
}
{
  message: 'Unauthorized token! Invalid or empty tokens.',
  locations: undefined,
  path: undefined,
  extensions: {
    code: 'UNAUTHENTICATED',
    serviceName: 'auth',
    exception: {
      stacktrace: [
        'AuthenticationError: Unauthorized token! Invalid or empty tokens.',
        '    at AuthDataSource.eval (webpack-internal:///./src/graphql/resolvers/authentication/authentication.datasource.ts:86:23)',
        '    at Generator.next (<anonymous>)',
        '    at fulfilled (webpack-internal:///./src/graphql/resolvers/authentication/authentication.datasource.ts:5:58)',
        '    at runMicrotasks (<anonymous>)',
        '    at processTicksAndRejections (internal/process/task_queues.js:95:5)'
      ],
      message: 'Unauthorized token! Invalid or empty tokens.',
      locations: [ { line: 1, column: 31 } ],
      path: [ 'querier' ]
    }
  },
  level: 'error',
  timestamp: '2022-07-07 21:01:08',
  stack: undefined
}
{
  message: 'Unauthorized token! Invalid or empty tokens.',
  locations: undefined,
  path: undefined,
  extensions: {
    code: 'UNAUTHENTICATED',
    serviceName: 'auth',
    exception: {
      stacktrace: [
        'AuthenticationError: Unauthorized token! Invalid or empty tokens.',
        '    at AuthDataSource.eval (webpack-internal:///./src/graphql/resolvers/authentication/authentication.datasource.ts:86:23)',
        '    at Generator.next (<anonymous>)',
        '    at fulfilled (webpack-internal:///./src/graphql/resolvers/authentication/authentication.datasource.ts:5:58)',
        '    at runMicrotasks (<anonymous>)',
        '    at processTicksAndRejections (internal/process/task_queues.js:95:5)'
      ],
      message: 'Unauthorized token! Invalid or empty tokens.',
      locations: [ { line: 1, column: 25 } ],
      path: [ 'verifyMe' ]
    }
  },
  level: 'error',
  timestamp: '2022-07-07 21:01:10',
  stack: undefined
}
{
  message: 'Unauthorized token! Invalid or empty tokens.',
  locations: undefined,
  path: undefined,
  extensions: {
    code: 'UNAUTHENTICATED',
    serviceName: 'auth',
    exception: {
      stacktrace: [
        'AuthenticationError: Unauthorized token! Invalid or empty tokens.',
        '    at AuthDataSource.eval (webpack-internal:///./src/graphql/resolvers/authentication/authentication.datasource.ts:86:23)',
        '    at Generator.next (<anonymous>)',
        '    at fulfilled (webpack-internal:///./src/graphql/resolvers/authentication/authentication.datasource.ts:5:58)',
        '    at runMicrotasks (<anonymous>)',
        '    at processTicksAndRejections (internal/process/task_queues.js:95:5)'
      ],
      message: 'Unauthorized token! Invalid or empty tokens.',
      locations: [ { line: 1, column: 2 } ],
      path: [ 'refreshTokens' ]
    }
  },
  level: 'error',
  timestamp: '2022-07-07 21:01:10',
  stack: undefined
}
{
  message: 'Unauthorized token! Invalid or empty tokens.',
  locations: undefined,
  path: undefined,
  extensions: {
    code: 'UNAUTHENTICATED',
    serviceName: 'auth',
    exception: {
      stacktrace: [
        'AuthenticationError: Unauthorized token! Invalid or empty tokens.',
        '    at AuthDataSource.eval (webpack-internal:///./src/graphql/resolvers/authentication/authentication.datasource.ts:86:23)',
        '    at Generator.next (<anonymous>)',
        '    at fulfilled (webpack-internal:///./src/graphql/resolvers/authentication/authentication.datasource.ts:5:58)',
        '    at runMicrotasks (<anonymous>)',
        '    at processTicksAndRejections (internal/process/task_queues.js:95:5)'
      ],
      message: 'Unauthorized token! Invalid or empty tokens.',
      locations: [ { line: 1, column: 25 } ],
      path: [ 'verifyMe' ]
    }
  },
  level: 'error',
  timestamp: '2022-07-07 21:01:10',
  stack: undefined
}
{
  message: 'Unauthorized token! Invalid or empty tokens.',
  locations: undefined,
  path: undefined,
  extensions: {
    code: 'UNAUTHENTICATED',
    serviceName: 'auth',
    exception: {
      stacktrace: [
        'AuthenticationError: Unauthorized token! Invalid or empty tokens.',
        '    at AuthDataSource.eval (webpack-internal:///./src/graphql/resolvers/authentication/authentication.datasource.ts:86:23)',
        '    at Generator.next (<anonymous>)',
        '    at fulfilled (webpack-internal:///./src/graphql/resolvers/authentication/authentication.datasource.ts:5:58)',
        '    at runMicrotasks (<anonymous>)',
        '    at processTicksAndRejections (internal/process/task_queues.js:95:5)'
      ],
      message: 'Unauthorized token! Invalid or empty tokens.',
      locations: [ { line: 1, column: 31 } ],
      path: [ 'querier' ]
    }
  },
  level: 'error',
  timestamp: '2022-07-07 21:01:56',
  stack: undefined
}
{
  message: 'Unauthorized token! Invalid or empty tokens.',
  locations: undefined,
  path: undefined,
  extensions: {
    code: 'UNAUTHENTICATED',
    serviceName: 'auth',
    exception: {
      stacktrace: [
        'AuthenticationError: Unauthorized token! Invalid or empty tokens.',
        '    at AuthDataSource.eval (webpack-internal:///./src/graphql/resolvers/authentication/authentication.datasource.ts:86:23)',
        '    at Generator.next (<anonymous>)',
        '    at fulfilled (webpack-internal:///./src/graphql/resolvers/authentication/authentication.datasource.ts:5:58)',
        '    at runMicrotasks (<anonymous>)',
        '    at processTicksAndRejections (internal/process/task_queues.js:95:5)'
      ],
      message: 'Unauthorized token! Invalid or empty tokens.',
      locations: [ { line: 1, column: 2 } ],
      path: [ 'refreshTokens' ]
    }
  },
  level: 'error',
  timestamp: '2022-07-07 21:01:56',
  stack: undefined
}
{
  message: 'Unauthorized token! Invalid or empty tokens.',
  locations: undefined,
  path: undefined,
  extensions: {
    code: 'UNAUTHENTICATED',
    serviceName: 'auth',
    exception: {
      stacktrace: [
        'AuthenticationError: Unauthorized token! Invalid or empty tokens.',
        '    at AuthDataSource.eval (webpack-internal:///./src/graphql/resolvers/authentication/authentication.datasource.ts:86:23)',
        '    at Generator.next (<anonymous>)',
        '    at fulfilled (webpack-internal:///./src/graphql/resolvers/authentication/authentication.datasource.ts:5:58)',
        '    at runMicrotasks (<anonymous>)',
        '    at processTicksAndRejections (internal/process/task_queues.js:95:5)'
      ],
      message: 'Unauthorized token! Invalid or empty tokens.',
      locations: [ { line: 1, column: 31 } ],
      path: [ 'querier' ]
    }
  },
  level: 'error',
  timestamp: '2022-07-07 21:01:56',
  stack: undefined
}
{
  message: 'Unauthorized token! Invalid or empty tokens.',
  locations: undefined,
  path: undefined,
  extensions: {
    code: 'UNAUTHENTICATED',
    serviceName: 'auth',
    exception: {
      stacktrace: [
        'AuthenticationError: Unauthorized token! Invalid or empty tokens.',
        '    at AuthDataSource.eval (webpack-internal:///./src/graphql/resolvers/authentication/authentication.datasource.ts:86:23)',
        '    at Generator.next (<anonymous>)',
        '    at fulfilled (webpack-internal:///./src/graphql/resolvers/authentication/authentication.datasource.ts:5:58)',
        '    at runMicrotasks (<anonymous>)',
        '    at processTicksAndRejections (internal/process/task_queues.js:95:5)'
      ],
      message: 'Unauthorized token! Invalid or empty tokens.',
      locations: [ { line: 1, column: 25 } ],
      path: [ 'verifyMe' ]
    }
  },
  level: 'error',
  timestamp: '2022-07-07 21:01:58',
  stack: undefined
}
{
  message: 'Unauthorized token! Invalid or empty tokens.',
  locations: undefined,
  path: undefined,
  extensions: {
    code: 'UNAUTHENTICATED',
    serviceName: 'auth',
    exception: {
      stacktrace: [
        'AuthenticationError: Unauthorized token! Invalid or empty tokens.',
        '    at AuthDataSource.eval (webpack-internal:///./src/graphql/resolvers/authentication/authentication.datasource.ts:86:23)',
        '    at Generator.next (<anonymous>)',
        '    at fulfilled (webpack-internal:///./src/graphql/resolvers/authentication/authentication.datasource.ts:5:58)',
        '    at runMicrotasks (<anonymous>)',
        '    at processTicksAndRejections (internal/process/task_queues.js:95:5)'
      ],
      message: 'Unauthorized token! Invalid or empty tokens.',
      locations: [ { line: 1, column: 2 } ],
      path: [ 'refreshTokens' ]
    }
  },
  level: 'error',
  timestamp: '2022-07-07 21:01:58',
  stack: undefined
}
{
  message: 'Unauthorized token! Invalid or empty tokens.',
  locations: undefined,
  path: undefined,
  extensions: {
    code: 'UNAUTHENTICATED',
    serviceName: 'auth',
    exception: {
      stacktrace: [
        'AuthenticationError: Unauthorized token! Invalid or empty tokens.',
        '    at AuthDataSource.eval (webpack-internal:///./src/graphql/resolvers/authentication/authentication.datasource.ts:86:23)',
        '    at Generator.next (<anonymous>)',
        '    at fulfilled (webpack-internal:///./src/graphql/resolvers/authentication/authentication.datasource.ts:5:58)',
        '    at runMicrotasks (<anonymous>)',
        '    at processTicksAndRejections (internal/process/task_queues.js:95:5)'
      ],
      message: 'Unauthorized token! Invalid or empty tokens.',
      locations: [ { line: 1, column: 25 } ],
      path: [ 'verifyMe' ]
    }
  },
  level: 'error',
  timestamp: '2022-07-07 21:01:58',
  stack: undefined
}
{
  message: 'Unauthorized token! Invalid or empty tokens.',
  locations: undefined,
  path: undefined,
  extensions: {
    code: 'UNAUTHENTICATED',
    serviceName: 'auth',
    exception: {
      stacktrace: [
        'AuthenticationError: Unauthorized token! Invalid or empty tokens.',
        '    at AuthDataSource.eval (webpack-internal:///./src/graphql/resolvers/authentication/authentication.datasource.ts:86:23)',
        '    at Generator.next (<anonymous>)',
        '    at fulfilled (webpack-internal:///./src/graphql/resolvers/authentication/authentication.datasource.ts:5:58)',
        '    at runMicrotasks (<anonymous>)',
        '    at processTicksAndRejections (internal/process/task_queues.js:95:5)'
      ],
      message: 'Unauthorized token! Invalid or empty tokens.',
      locations: [ { line: 1, column: 31 } ],
      path: [ 'querier' ]
    }
  },
  level: 'error',
  timestamp: '2022-07-07 21:02:06',
  stack: undefined
}
{
  message: 'Unauthorized token! Invalid or empty tokens.',
  locations: undefined,
  path: undefined,
  extensions: {
    code: 'UNAUTHENTICATED',
    serviceName: 'auth',
    exception: {
      stacktrace: [
        'AuthenticationError: Unauthorized token! Invalid or empty tokens.',
        '    at AuthDataSource.eval (webpack-internal:///./src/graphql/resolvers/authentication/authentication.datasource.ts:86:23)',
        '    at Generator.next (<anonymous>)',
        '    at fulfilled (webpack-internal:///./src/graphql/resolvers/authentication/authentication.datasource.ts:5:58)',
        '    at runMicrotasks (<anonymous>)',
        '    at processTicksAndRejections (internal/process/task_queues.js:95:5)'
      ],
      message: 'Unauthorized token! Invalid or empty tokens.',
      locations: [ { line: 1, column: 2 } ],
      path: [ 'refreshTokens' ]
    }
  },
  level: 'error',
  timestamp: '2022-07-07 21:02:06',
  stack: undefined
}
{
  message: 'Unauthorized token! Invalid or empty tokens.',
  locations: undefined,
  path: undefined,
  extensions: {
    code: 'UNAUTHENTICATED',
    serviceName: 'auth',
    exception: {
      stacktrace: [
        'AuthenticationError: Unauthorized token! Invalid or empty tokens.',
        '    at AuthDataSource.eval (webpack-internal:///./src/graphql/resolvers/authentication/authentication.datasource.ts:86:23)',
        '    at Generator.next (<anonymous>)',
        '    at fulfilled (webpack-internal:///./src/graphql/resolvers/authentication/authentication.datasource.ts:5:58)',
        '    at runMicrotasks (<anonymous>)',
        '    at processTicksAndRejections (internal/process/task_queues.js:95:5)'
      ],
      message: 'Unauthorized token! Invalid or empty tokens.',
      locations: [ { line: 1, column: 31 } ],
      path: [ 'querier' ]
    }
  },
  level: 'error',
  timestamp: '2022-07-07 21:02:06',
  stack: undefined
}
{
  message: 'Unauthorized token! Invalid or empty tokens.',
  locations: undefined,
  path: undefined,
  extensions: {
    code: 'UNAUTHENTICATED',
    serviceName: 'auth',
    exception: {
      stacktrace: [
        'AuthenticationError: Unauthorized token! Invalid or empty tokens.',
        '    at AuthDataSource.eval (webpack-internal:///./src/graphql/resolvers/authentication/authentication.datasource.ts:86:23)',
        '    at Generator.next (<anonymous>)',
        '    at fulfilled (webpack-internal:///./src/graphql/resolvers/authentication/authentication.datasource.ts:5:58)',
        '    at runMicrotasks (<anonymous>)',
        '    at processTicksAndRejections (internal/process/task_queues.js:95:5)'
      ],
      message: 'Unauthorized token! Invalid or empty tokens.',
      locations: [ { line: 1, column: 31 } ],
      path: [ 'querier' ]
    }
  },
  level: 'error',
  timestamp: '2022-07-07 21:02:35',
  stack: undefined
}
{
  message: 'Unauthorized token! Invalid or empty tokens.',
  locations: undefined,
  path: undefined,
  extensions: {
    code: 'UNAUTHENTICATED',
    serviceName: 'auth',
    exception: {
      stacktrace: [
        'AuthenticationError: Unauthorized token! Invalid or empty tokens.',
        '    at AuthDataSource.eval (webpack-internal:///./src/graphql/resolvers/authentication/authentication.datasource.ts:86:23)',
        '    at Generator.next (<anonymous>)',
        '    at fulfilled (webpack-internal:///./src/graphql/resolvers/authentication/authentication.datasource.ts:5:58)',
        '    at runMicrotasks (<anonymous>)',
        '    at processTicksAndRejections (internal/process/task_queues.js:95:5)'
      ],
      message: 'Unauthorized token! Invalid or empty tokens.',
      locations: [ { line: 1, column: 2 } ],
      path: [ 'refreshTokens' ]
    }
  },
  level: 'error',
  timestamp: '2022-07-07 21:02:35',
  stack: undefined
}
{
  message: 'Unauthorized token! Invalid or empty tokens.',
  locations: undefined,
  path: undefined,
  extensions: {
    code: 'UNAUTHENTICATED',
    serviceName: 'auth',
    exception: {
      stacktrace: [
        'AuthenticationError: Unauthorized token! Invalid or empty tokens.',
        '    at AuthDataSource.eval (webpack-internal:///./src/graphql/resolvers/authentication/authentication.datasource.ts:86:23)',
        '    at Generator.next (<anonymous>)',
        '    at fulfilled (webpack-internal:///./src/graphql/resolvers/authentication/authentication.datasource.ts:5:58)',
        '    at runMicrotasks (<anonymous>)',
        '    at processTicksAndRejections (internal/process/task_queues.js:95:5)'
      ],
      message: 'Unauthorized token! Invalid or empty tokens.',
      locations: [ { line: 1, column: 31 } ],
      path: [ 'querier' ]
    }
  },
  level: 'error',
  timestamp: '2022-07-07 21:02:35',
  stack: undefined
}
{
  message: 'Unauthorized token! Invalid or empty tokens.',
  locations: undefined,
  path: undefined,
  extensions: {
    code: 'UNAUTHENTICATED',
    serviceName: 'auth',
    exception: {
      stacktrace: [
        'AuthenticationError: Unauthorized token! Invalid or empty tokens.',
        '    at AuthDataSource.eval (webpack-internal:///./src/graphql/resolvers/authentication/authentication.datasource.ts:86:23)',
        '    at Generator.next (<anonymous>)',
        '    at fulfilled (webpack-internal:///./src/graphql/resolvers/authentication/authentication.datasource.ts:5:58)',
        '    at runMicrotasks (<anonymous>)',
        '    at processTicksAndRejections (internal/process/task_queues.js:95:5)'
      ],
      message: 'Unauthorized token! Invalid or empty tokens.',
      locations: [ { line: 1, column: 25 } ],
      path: [ 'verifyMe' ]
    }
  },
  level: 'error',
  timestamp: '2022-07-07 21:02:37',
  stack: undefined
}
{
  message: 'Unauthorized token! Invalid or empty tokens.',
  locations: undefined,
  path: undefined,
  extensions: {
    code: 'UNAUTHENTICATED',
    serviceName: 'auth',
    exception: {
      stacktrace: [
        'AuthenticationError: Unauthorized token! Invalid or empty tokens.',
        '    at AuthDataSource.eval (webpack-internal:///./src/graphql/resolvers/authentication/authentication.datasource.ts:86:23)',
        '    at Generator.next (<anonymous>)',
        '    at fulfilled (webpack-internal:///./src/graphql/resolvers/authentication/authentication.datasource.ts:5:58)',
        '    at runMicrotasks (<anonymous>)',
        '    at processTicksAndRejections (internal/process/task_queues.js:95:5)'
      ],
      message: 'Unauthorized token! Invalid or empty tokens.',
      locations: [ { line: 1, column: 2 } ],
      path: [ 'refreshTokens' ]
    }
  },
  level: 'error',
  timestamp: '2022-07-07 21:02:37',
  stack: undefined
}
{
  message: 'Unauthorized token! Invalid or empty tokens.',
  locations: undefined,
  path: undefined,
  extensions: {
    code: 'UNAUTHENTICATED',
    serviceName: 'auth',
    exception: {
      stacktrace: [
        'AuthenticationError: Unauthorized token! Invalid or empty tokens.',
        '    at AuthDataSource.eval (webpack-internal:///./src/graphql/resolvers/authentication/authentication.datasource.ts:86:23)',
        '    at Generator.next (<anonymous>)',
        '    at fulfilled (webpack-internal:///./src/graphql/resolvers/authentication/authentication.datasource.ts:5:58)',
        '    at runMicrotasks (<anonymous>)',
        '    at processTicksAndRejections (internal/process/task_queues.js:95:5)'
      ],
      message: 'Unauthorized token! Invalid or empty tokens.',
      locations: [ { line: 1, column: 25 } ],
      path: [ 'verifyMe' ]
    }
  },
  level: 'error',
  timestamp: '2022-07-07 21:02:37',
  stack: undefined
}
{
  message: 'Unauthorized token! Invalid or empty tokens.',
  locations: undefined,
  path: undefined,
  extensions: {
    code: 'UNAUTHENTICATED',
    serviceName: 'auth',
    exception: {
      stacktrace: [
        'AuthenticationError: Unauthorized token! Invalid or empty tokens.',
        '    at AuthDataSource.eval (webpack-internal:///./src/graphql/resolvers/authentication/authentication.datasource.ts:86:23)',
        '    at Generator.next (<anonymous>)',
        '    at fulfilled (webpack-internal:///./src/graphql/resolvers/authentication/authentication.datasource.ts:5:58)',
        '    at runMicrotasks (<anonymous>)',
        '    at processTicksAndRejections (internal/process/task_queues.js:95:5)'
      ],
      message: 'Unauthorized token! Invalid or empty tokens.',
      locations: [ { line: 1, column: 25 } ],
      path: [ 'verifyMe' ]
    }
  },
  level: 'error',
  timestamp: '2022-07-07 21:07:29',
  stack: undefined
}
{
  message: 'Unauthorized token! Invalid or empty tokens.',
  locations: undefined,
  path: undefined,
  extensions: {
    code: 'UNAUTHENTICATED',
    serviceName: 'auth',
    exception: {
      stacktrace: [
        'AuthenticationError: Unauthorized token! Invalid or empty tokens.',
        '    at AuthDataSource.eval (webpack-internal:///./src/graphql/resolvers/authentication/authentication.datasource.ts:86:23)',
        '    at Generator.next (<anonymous>)',
        '    at fulfilled (webpack-internal:///./src/graphql/resolvers/authentication/authentication.datasource.ts:5:58)',
        '    at runMicrotasks (<anonymous>)',
        '    at processTicksAndRejections (internal/process/task_queues.js:95:5)'
      ],
      message: 'Unauthorized token! Invalid or empty tokens.',
      locations: [ { line: 1, column: 2 } ],
      path: [ 'refreshTokens' ]
    }
  },
  level: 'error',
  timestamp: '2022-07-07 21:07:29',
  stack: undefined
}
{
  message: 'Unauthorized token! Invalid or empty tokens.',
  locations: undefined,
  path: undefined,
  extensions: {
    code: 'UNAUTHENTICATED',
    serviceName: 'auth',
    exception: {
      stacktrace: [
        'AuthenticationError: Unauthorized token! Invalid or empty tokens.',
        '    at AuthDataSource.eval (webpack-internal:///./src/graphql/resolvers/authentication/authentication.datasource.ts:86:23)',
        '    at Generator.next (<anonymous>)',
        '    at fulfilled (webpack-internal:///./src/graphql/resolvers/authentication/authentication.datasource.ts:5:58)',
        '    at runMicrotasks (<anonymous>)',
        '    at processTicksAndRejections (internal/process/task_queues.js:95:5)'
      ],
      message: 'Unauthorized token! Invalid or empty tokens.',
      locations: [ { line: 1, column: 25 } ],
      path: [ 'verifyMe' ]
    }
  },
  level: 'error',
  timestamp: '2022-07-07 21:07:29',
  stack: undefined
}
{
  message: 'Unauthorized token! Invalid or empty tokens.',
  locations: undefined,
  path: undefined,
  extensions: {
    code: 'UNAUTHENTICATED',
    serviceName: 'auth',
    exception: {
      stacktrace: [
        'AuthenticationError: Unauthorized token! Invalid or empty tokens.',
        '    at AuthDataSource.eval (webpack-internal:///./src/graphql/resolvers/authentication/authentication.datasource.ts:86:23)',
        '    at Generator.next (<anonymous>)',
        '    at fulfilled (webpack-internal:///./src/graphql/resolvers/authentication/authentication.datasource.ts:5:58)',
        '    at runMicrotasks (<anonymous>)',
        '    at processTicksAndRejections (internal/process/task_queues.js:95:5)'
      ],
      message: 'Unauthorized token! Invalid or empty tokens.',
      locations: [ { line: 1, column: 31 } ],
      path: [ 'querier' ]
    }
  },
  level: 'error',
  timestamp: '2022-07-07 21:08:18',
  stack: undefined
}
{
  message: 'Unauthorized token! Invalid or empty tokens.',
  locations: undefined,
  path: undefined,
  extensions: {
    code: 'UNAUTHENTICATED',
    serviceName: 'auth',
    exception: {
      stacktrace: [
        'AuthenticationError: Unauthorized token! Invalid or empty tokens.',
        '    at AuthDataSource.eval (webpack-internal:///./src/graphql/resolvers/authentication/authentication.datasource.ts:86:23)',
        '    at Generator.next (<anonymous>)',
        '    at fulfilled (webpack-internal:///./src/graphql/resolvers/authentication/authentication.datasource.ts:5:58)',
        '    at runMicrotasks (<anonymous>)',
        '    at processTicksAndRejections (internal/process/task_queues.js:95:5)'
      ],
      message: 'Unauthorized token! Invalid or empty tokens.',
      locations: [ { line: 1, column: 2 } ],
      path: [ 'refreshTokens' ]
    }
  },
  level: 'error',
  timestamp: '2022-07-07 21:08:18',
  stack: undefined
}
{
  message: 'Unauthorized token! Invalid or empty tokens.',
  locations: undefined,
  path: undefined,
  extensions: {
    code: 'UNAUTHENTICATED',
    serviceName: 'auth',
    exception: {
      stacktrace: [
        'AuthenticationError: Unauthorized token! Invalid or empty tokens.',
        '    at AuthDataSource.eval (webpack-internal:///./src/graphql/resolvers/authentication/authentication.datasource.ts:86:23)',
        '    at Generator.next (<anonymous>)',
        '    at fulfilled (webpack-internal:///./src/graphql/resolvers/authentication/authentication.datasource.ts:5:58)',
        '    at runMicrotasks (<anonymous>)',
        '    at processTicksAndRejections (internal/process/task_queues.js:95:5)'
      ],
      message: 'Unauthorized token! Invalid or empty tokens.',
      locations: [ { line: 1, column: 31 } ],
      path: [ 'querier' ]
    }
  },
  level: 'error',
  timestamp: '2022-07-07 21:08:18',
  stack: undefined
}
{
  message: 'Unauthorized token! Invalid or empty tokens.',
  locations: undefined,
  path: undefined,
  extensions: {
    code: 'UNAUTHENTICATED',
    serviceName: 'auth',
    exception: {
      stacktrace: [
        'AuthenticationError: Unauthorized token! Invalid or empty tokens.',
        '    at AuthDataSource.eval (webpack-internal:///./src/graphql/resolvers/authentication/authentication.datasource.ts:86:23)',
        '    at Generator.next (<anonymous>)',
        '    at fulfilled (webpack-internal:///./src/graphql/resolvers/authentication/authentication.datasource.ts:5:58)',
        '    at runMicrotasks (<anonymous>)',
        '    at processTicksAndRejections (internal/process/task_queues.js:95:5)'
      ],
      message: 'Unauthorized token! Invalid or empty tokens.',
      locations: [ { line: 1, column: 25 } ],
      path: [ 'verifyMe' ]
    }
  },
  level: 'error',
  timestamp: '2022-07-07 21:08:19',
  stack: undefined
}
{
  message: 'Unauthorized token! Invalid or empty tokens.',
  locations: undefined,
  path: undefined,
  extensions: {
    code: 'UNAUTHENTICATED',
    serviceName: 'auth',
    exception: {
      stacktrace: [
        'AuthenticationError: Unauthorized token! Invalid or empty tokens.',
        '    at AuthDataSource.eval (webpack-internal:///./src/graphql/resolvers/authentication/authentication.datasource.ts:86:23)',
        '    at Generator.next (<anonymous>)',
        '    at fulfilled (webpack-internal:///./src/graphql/resolvers/authentication/authentication.datasource.ts:5:58)',
        '    at runMicrotasks (<anonymous>)',
        '    at processTicksAndRejections (internal/process/task_queues.js:95:5)'
      ],
      message: 'Unauthorized token! Invalid or empty tokens.',
      locations: [ { line: 1, column: 2 } ],
      path: [ 'refreshTokens' ]
    }
  },
  level: 'error',
  timestamp: '2022-07-07 21:08:19',
  stack: undefined
}
{
  message: 'Unauthorized token! Invalid or empty tokens.',
  locations: undefined,
  path: undefined,
  extensions: {
    code: 'UNAUTHENTICATED',
    serviceName: 'auth',
    exception: {
      stacktrace: [
        'AuthenticationError: Unauthorized token! Invalid or empty tokens.',
        '    at AuthDataSource.eval (webpack-internal:///./src/graphql/resolvers/authentication/authentication.datasource.ts:86:23)',
        '    at Generator.next (<anonymous>)',
        '    at fulfilled (webpack-internal:///./src/graphql/resolvers/authentication/authentication.datasource.ts:5:58)',
        '    at runMicrotasks (<anonymous>)',
        '    at processTicksAndRejections (internal/process/task_queues.js:95:5)'
      ],
      message: 'Unauthorized token! Invalid or empty tokens.',
      locations: [ { line: 1, column: 25 } ],
      path: [ 'verifyMe' ]
    }
  },
  level: 'error',
  timestamp: '2022-07-07 21:08:19',
  stack: undefined
}
{
  message: 'Unauthorized token! Invalid or empty tokens.',
  locations: undefined,
  path: undefined,
  extensions: {
    code: 'UNAUTHENTICATED',
    serviceName: 'auth',
    exception: {
      stacktrace: [
        'AuthenticationError: Unauthorized token! Invalid or empty tokens.',
        '    at AuthDataSource.eval (webpack-internal:///./src/graphql/resolvers/authentication/authentication.datasource.ts:86:23)',
        '    at Generator.next (<anonymous>)',
        '    at fulfilled (webpack-internal:///./src/graphql/resolvers/authentication/authentication.datasource.ts:5:58)',
        '    at runMicrotasks (<anonymous>)',
        '    at processTicksAndRejections (internal/process/task_queues.js:95:5)'
      ],
      message: 'Unauthorized token! Invalid or empty tokens.',
      locations: [ { line: 1, column: 25 } ],
      path: [ 'verifyMe' ]
    }
  },
  level: 'error',
  timestamp: '2022-07-07 21:08:32',
  stack: undefined
}
{
  message: 'Unauthorized token! Invalid or empty tokens.',
  locations: undefined,
  path: undefined,
  extensions: {
    code: 'UNAUTHENTICATED',
    serviceName: 'auth',
    exception: {
      stacktrace: [
        'AuthenticationError: Unauthorized token! Invalid or empty tokens.',
        '    at AuthDataSource.eval (webpack-internal:///./src/graphql/resolvers/authentication/authentication.datasource.ts:86:23)',
        '    at Generator.next (<anonymous>)',
        '    at fulfilled (webpack-internal:///./src/graphql/resolvers/authentication/authentication.datasource.ts:5:58)',
        '    at runMicrotasks (<anonymous>)',
        '    at processTicksAndRejections (internal/process/task_queues.js:95:5)'
      ],
      message: 'Unauthorized token! Invalid or empty tokens.',
      locations: [ { line: 1, column: 2 } ],
      path: [ 'refreshTokens' ]
    }
  },
  level: 'error',
  timestamp: '2022-07-07 21:08:32',
  stack: undefined
}
{
  message: 'Unauthorized token! Invalid or empty tokens.',
  locations: undefined,
  path: undefined,
  extensions: {
    code: 'UNAUTHENTICATED',
    serviceName: 'auth',
    exception: {
      stacktrace: [
        'AuthenticationError: Unauthorized token! Invalid or empty tokens.',
        '    at AuthDataSource.eval (webpack-internal:///./src/graphql/resolvers/authentication/authentication.datasource.ts:86:23)',
        '    at Generator.next (<anonymous>)',
        '    at fulfilled (webpack-internal:///./src/graphql/resolvers/authentication/authentication.datasource.ts:5:58)',
        '    at runMicrotasks (<anonymous>)',
        '    at processTicksAndRejections (internal/process/task_queues.js:95:5)'
      ],
      message: 'Unauthorized token! Invalid or empty tokens.',
      locations: [ { line: 1, column: 25 } ],
      path: [ 'verifyMe' ]
    }
  },
  level: 'error',
  timestamp: '2022-07-07 21:08:32',
  stack: undefined
}
{
  message: 'Unauthorized token! Invalid or empty tokens.',
  locations: undefined,
  path: undefined,
  extensions: {
    code: 'UNAUTHENTICATED',
    serviceName: 'auth',
    exception: {
      stacktrace: [
        'AuthenticationError: Unauthorized token! Invalid or empty tokens.',
        '    at AuthDataSource.eval (webpack-internal:///./src/graphql/resolvers/authentication/authentication.datasource.ts:86:23)',
        '    at Generator.next (<anonymous>)',
        '    at fulfilled (webpack-internal:///./src/graphql/resolvers/authentication/authentication.datasource.ts:5:58)',
        '    at runMicrotasks (<anonymous>)',
        '    at processTicksAndRejections (internal/process/task_queues.js:95:5)'
      ],
      message: 'Unauthorized token! Invalid or empty tokens.',
      locations: [ { line: 1, column: 25 } ],
      path: [ 'verifyMe' ]
    }
  },
  level: 'error',
  timestamp: '2022-07-07 21:08:34',
  stack: undefined
}
{
  message: 'Unauthorized token! Invalid or empty tokens.',
  locations: undefined,
  path: undefined,
  extensions: {
    code: 'UNAUTHENTICATED',
    serviceName: 'auth',
    exception: {
      stacktrace: [
        'AuthenticationError: Unauthorized token! Invalid or empty tokens.',
        '    at AuthDataSource.eval (webpack-internal:///./src/graphql/resolvers/authentication/authentication.datasource.ts:86:23)',
        '    at Generator.next (<anonymous>)',
        '    at fulfilled (webpack-internal:///./src/graphql/resolvers/authentication/authentication.datasource.ts:5:58)',
        '    at runMicrotasks (<anonymous>)',
        '    at processTicksAndRejections (internal/process/task_queues.js:95:5)'
      ],
      message: 'Unauthorized token! Invalid or empty tokens.',
      locations: [ { line: 1, column: 2 } ],
      path: [ 'refreshTokens' ]
    }
  },
  level: 'error',
  timestamp: '2022-07-07 21:08:35',
  stack: undefined
}
{
  message: 'Unauthorized token! Invalid or empty tokens.',
  locations: undefined,
  path: undefined,
  extensions: {
    code: 'UNAUTHENTICATED',
    serviceName: 'auth',
    exception: {
      stacktrace: [
        'AuthenticationError: Unauthorized token! Invalid or empty tokens.',
        '    at AuthDataSource.eval (webpack-internal:///./src/graphql/resolvers/authentication/authentication.datasource.ts:86:23)',
        '    at Generator.next (<anonymous>)',
        '    at fulfilled (webpack-internal:///./src/graphql/resolvers/authentication/authentication.datasource.ts:5:58)',
        '    at runMicrotasks (<anonymous>)',
        '    at processTicksAndRejections (internal/process/task_queues.js:95:5)'
      ],
      message: 'Unauthorized token! Invalid or empty tokens.',
      locations: [ { line: 1, column: 25 } ],
      path: [ 'verifyMe' ]
    }
  },
  level: 'error',
  timestamp: '2022-07-07 21:08:35',
  stack: undefined
}
{
  message: 'Unauthorized token! Invalid or empty tokens.',
  locations: undefined,
  path: undefined,
  extensions: {
    code: 'UNAUTHENTICATED',
    serviceName: 'auth',
    exception: {
      stacktrace: [
        'AuthenticationError: Unauthorized token! Invalid or empty tokens.',
        '    at AuthDataSource.eval (webpack-internal:///./src/graphql/resolvers/authentication/authentication.datasource.ts:86:23)',
        '    at Generator.next (<anonymous>)',
        '    at fulfilled (webpack-internal:///./src/graphql/resolvers/authentication/authentication.datasource.ts:5:58)',
        '    at runMicrotasks (<anonymous>)',
        '    at processTicksAndRejections (internal/process/task_queues.js:95:5)'
      ],
      message: 'Unauthorized token! Invalid or empty tokens.',
      locations: [ { line: 1, column: 25 } ],
      path: [ 'verifyMe' ]
    }
  },
  level: 'error',
  timestamp: '2022-07-07 21:09:00',
  stack: undefined
}
{
  message: 'Unauthorized token! Invalid or empty tokens.',
  locations: undefined,
  path: undefined,
  extensions: {
    code: 'UNAUTHENTICATED',
    serviceName: 'auth',
    exception: {
      stacktrace: [
        'AuthenticationError: Unauthorized token! Invalid or empty tokens.',
        '    at AuthDataSource.eval (webpack-internal:///./src/graphql/resolvers/authentication/authentication.datasource.ts:86:23)',
        '    at Generator.next (<anonymous>)',
        '    at fulfilled (webpack-internal:///./src/graphql/resolvers/authentication/authentication.datasource.ts:5:58)',
        '    at runMicrotasks (<anonymous>)',
        '    at processTicksAndRejections (internal/process/task_queues.js:95:5)'
      ],
      message: 'Unauthorized token! Invalid or empty tokens.',
      locations: [ { line: 1, column: 2 } ],
      path: [ 'refreshTokens' ]
    }
  },
  level: 'error',
  timestamp: '2022-07-07 21:09:00',
  stack: undefined
}
{
  message: 'Unauthorized token! Invalid or empty tokens.',
  locations: undefined,
  path: undefined,
  extensions: {
    code: 'UNAUTHENTICATED',
    serviceName: 'auth',
    exception: {
      stacktrace: [
        'AuthenticationError: Unauthorized token! Invalid or empty tokens.',
        '    at AuthDataSource.eval (webpack-internal:///./src/graphql/resolvers/authentication/authentication.datasource.ts:86:23)',
        '    at Generator.next (<anonymous>)',
        '    at fulfilled (webpack-internal:///./src/graphql/resolvers/authentication/authentication.datasource.ts:5:58)',
        '    at runMicrotasks (<anonymous>)',
        '    at processTicksAndRejections (internal/process/task_queues.js:95:5)'
      ],
      message: 'Unauthorized token! Invalid or empty tokens.',
      locations: [ { line: 1, column: 25 } ],
      path: [ 'verifyMe' ]
    }
  },
  level: 'error',
  timestamp: '2022-07-07 21:09:00',
  stack: undefined
}
{
  message: 'Unauthorized token! Invalid or empty tokens.',
  locations: undefined,
  path: undefined,
  extensions: {
    code: 'UNAUTHENTICATED',
    serviceName: 'auth',
    exception: {
      stacktrace: [
        'AuthenticationError: Unauthorized token! Invalid or empty tokens.',
        '    at AuthDataSource.eval (webpack-internal:///./src/graphql/resolvers/authentication/authentication.datasource.ts:86:23)',
        '    at Generator.next (<anonymous>)',
        '    at fulfilled (webpack-internal:///./src/graphql/resolvers/authentication/authentication.datasource.ts:5:58)',
        '    at runMicrotasks (<anonymous>)',
        '    at processTicksAndRejections (internal/process/task_queues.js:95:5)'
      ],
      message: 'Unauthorized token! Invalid or empty tokens.',
      locations: [ { line: 1, column: 25 } ],
      path: [ 'verifyMe' ]
    }
  },
  level: 'error',
  timestamp: '2022-07-07 21:09:03',
  stack: undefined
}
{
  message: 'Unauthorized token! Invalid or empty tokens.',
  locations: undefined,
  path: undefined,
  extensions: {
    code: 'UNAUTHENTICATED',
    serviceName: 'auth',
    exception: {
      stacktrace: [
        'AuthenticationError: Unauthorized token! Invalid or empty tokens.',
        '    at AuthDataSource.eval (webpack-internal:///./src/graphql/resolvers/authentication/authentication.datasource.ts:86:23)',
        '    at Generator.next (<anonymous>)',
        '    at fulfilled (webpack-internal:///./src/graphql/resolvers/authentication/authentication.datasource.ts:5:58)',
        '    at runMicrotasks (<anonymous>)',
        '    at processTicksAndRejections (internal/process/task_queues.js:95:5)'
      ],
      message: 'Unauthorized token! Invalid or empty tokens.',
      locations: [ { line: 1, column: 2 } ],
      path: [ 'refreshTokens' ]
    }
  },
  level: 'error',
  timestamp: '2022-07-07 21:09:04',
  stack: undefined
}
{
  message: 'Unauthorized token! Invalid or empty tokens.',
  locations: undefined,
  path: undefined,
  extensions: {
    code: 'UNAUTHENTICATED',
    serviceName: 'auth',
    exception: {
      stacktrace: [
        'AuthenticationError: Unauthorized token! Invalid or empty tokens.',
        '    at AuthDataSource.eval (webpack-internal:///./src/graphql/resolvers/authentication/authentication.datasource.ts:86:23)',
        '    at Generator.next (<anonymous>)',
        '    at fulfilled (webpack-internal:///./src/graphql/resolvers/authentication/authentication.datasource.ts:5:58)',
        '    at runMicrotasks (<anonymous>)',
        '    at processTicksAndRejections (internal/process/task_queues.js:95:5)'
      ],
      message: 'Unauthorized token! Invalid or empty tokens.',
      locations: [ { line: 1, column: 25 } ],
      path: [ 'verifyMe' ]
    }
  },
  level: 'error',
  timestamp: '2022-07-07 21:09:04',
  stack: undefined
}
{
  message: 'Unauthorized token! Invalid or empty tokens.',
  locations: undefined,
  path: undefined,
  extensions: {
    code: 'UNAUTHENTICATED',
    serviceName: 'auth',
    exception: {
      stacktrace: [
        'AuthenticationError: Unauthorized token! Invalid or empty tokens.',
        '    at AuthDataSource.eval (webpack-internal:///./src/graphql/resolvers/authentication/authentication.datasource.ts:86:23)',
        '    at Generator.next (<anonymous>)',
        '    at fulfilled (webpack-internal:///./src/graphql/resolvers/authentication/authentication.datasource.ts:5:58)',
        '    at runMicrotasks (<anonymous>)',
        '    at processTicksAndRejections (internal/process/task_queues.js:95:5)'
      ],
      message: 'Unauthorized token! Invalid or empty tokens.',
      locations: [ { line: 1, column: 25 } ],
      path: [ 'verifyMe' ]
    }
  },
  level: 'error',
  timestamp: '2022-07-07 21:09:07',
  stack: undefined
}
{
  message: 'Unauthorized token! Invalid or empty tokens.',
  locations: undefined,
  path: undefined,
  extensions: {
    code: 'UNAUTHENTICATED',
    serviceName: 'auth',
    exception: {
      stacktrace: [
        'AuthenticationError: Unauthorized token! Invalid or empty tokens.',
        '    at AuthDataSource.eval (webpack-internal:///./src/graphql/resolvers/authentication/authentication.datasource.ts:86:23)',
        '    at Generator.next (<anonymous>)',
        '    at fulfilled (webpack-internal:///./src/graphql/resolvers/authentication/authentication.datasource.ts:5:58)',
        '    at runMicrotasks (<anonymous>)',
        '    at processTicksAndRejections (internal/process/task_queues.js:95:5)'
      ],
      message: 'Unauthorized token! Invalid or empty tokens.',
      locations: [ { line: 1, column: 2 } ],
      path: [ 'refreshTokens' ]
    }
  },
  level: 'error',
  timestamp: '2022-07-07 21:09:07',
  stack: undefined
}
{
  message: 'Unauthorized token! Invalid or empty tokens.',
  locations: undefined,
  path: undefined,
  extensions: {
    code: 'UNAUTHENTICATED',
    serviceName: 'auth',
    exception: {
      stacktrace: [
        'AuthenticationError: Unauthorized token! Invalid or empty tokens.',
        '    at AuthDataSource.eval (webpack-internal:///./src/graphql/resolvers/authentication/authentication.datasource.ts:86:23)',
        '    at Generator.next (<anonymous>)',
        '    at fulfilled (webpack-internal:///./src/graphql/resolvers/authentication/authentication.datasource.ts:5:58)',
        '    at runMicrotasks (<anonymous>)',
        '    at processTicksAndRejections (internal/process/task_queues.js:95:5)'
      ],
      message: 'Unauthorized token! Invalid or empty tokens.',
      locations: [ { line: 1, column: 25 } ],
      path: [ 'verifyMe' ]
    }
  },
  level: 'error',
  timestamp: '2022-07-07 21:09:07',
  stack: undefined
}
{
  message: 'Unauthorized token! Invalid or empty tokens.',
  locations: undefined,
  path: undefined,
  extensions: {
    code: 'UNAUTHENTICATED',
    serviceName: 'auth',
    exception: {
      stacktrace: [
        'AuthenticationError: Unauthorized token! Invalid or empty tokens.',
        '    at AuthDataSource.eval (webpack-internal:///./src/graphql/resolvers/authentication/authentication.datasource.ts:86:23)',
        '    at Generator.next (<anonymous>)',
        '    at fulfilled (webpack-internal:///./src/graphql/resolvers/authentication/authentication.datasource.ts:5:58)',
        '    at runMicrotasks (<anonymous>)',
        '    at processTicksAndRejections (internal/process/task_queues.js:95:5)'
      ],
      message: 'Unauthorized token! Invalid or empty tokens.',
      locations: [ { line: 1, column: 31 } ],
      path: [ 'querier' ]
    }
  },
  level: 'error',
  timestamp: '2022-07-07 21:09:09',
  stack: undefined
}
{
  message: 'Unauthorized token! Invalid or empty tokens.',
  locations: undefined,
  path: undefined,
  extensions: {
    code: 'UNAUTHENTICATED',
    serviceName: 'auth',
    exception: {
      stacktrace: [
        'AuthenticationError: Unauthorized token! Invalid or empty tokens.',
        '    at AuthDataSource.eval (webpack-internal:///./src/graphql/resolvers/authentication/authentication.datasource.ts:86:23)',
        '    at Generator.next (<anonymous>)',
        '    at fulfilled (webpack-internal:///./src/graphql/resolvers/authentication/authentication.datasource.ts:5:58)',
        '    at runMicrotasks (<anonymous>)',
        '    at processTicksAndRejections (internal/process/task_queues.js:95:5)'
      ],
      message: 'Unauthorized token! Invalid or empty tokens.',
      locations: [ { line: 1, column: 2 } ],
      path: [ 'refreshTokens' ]
    }
  },
  level: 'error',
  timestamp: '2022-07-07 21:09:09',
  stack: undefined
}
{
  message: 'Unauthorized token! Invalid or empty tokens.',
  locations: undefined,
  path: undefined,
  extensions: {
    code: 'UNAUTHENTICATED',
    serviceName: 'auth',
    exception: {
      stacktrace: [
        'AuthenticationError: Unauthorized token! Invalid or empty tokens.',
        '    at AuthDataSource.eval (webpack-internal:///./src/graphql/resolvers/authentication/authentication.datasource.ts:86:23)',
        '    at Generator.next (<anonymous>)',
        '    at fulfilled (webpack-internal:///./src/graphql/resolvers/authentication/authentication.datasource.ts:5:58)',
        '    at runMicrotasks (<anonymous>)',
        '    at processTicksAndRejections (internal/process/task_queues.js:95:5)'
      ],
      message: 'Unauthorized token! Invalid or empty tokens.',
      locations: [ { line: 1, column: 31 } ],
      path: [ 'querier' ]
    }
  },
  level: 'error',
  timestamp: '2022-07-07 21:09:09',
  stack: undefined
}
{
  message: 'Unauthorized token! Invalid or empty tokens.',
  locations: undefined,
  path: undefined,
  extensions: {
    code: 'UNAUTHENTICATED',
    serviceName: 'auth',
    exception: {
      stacktrace: [
        'AuthenticationError: Unauthorized token! Invalid or empty tokens.',
        '    at AuthDataSource.eval (webpack-internal:///./src/graphql/resolvers/authentication/authentication.datasource.ts:86:23)',
        '    at Generator.next (<anonymous>)',
        '    at fulfilled (webpack-internal:///./src/graphql/resolvers/authentication/authentication.datasource.ts:5:58)',
        '    at runMicrotasks (<anonymous>)',
        '    at processTicksAndRejections (internal/process/task_queues.js:95:5)'
      ],
      message: 'Unauthorized token! Invalid or empty tokens.',
      locations: [ { line: 1, column: 25 } ],
      path: [ 'verifyMe' ]
    }
  },
  level: 'error',
  timestamp: '2022-07-07 21:09:11',
  stack: undefined
}
{
  message: 'Unauthorized token! Invalid or empty tokens.',
  locations: undefined,
  path: undefined,
  extensions: {
    code: 'UNAUTHENTICATED',
    serviceName: 'auth',
    exception: {
      stacktrace: [
        'AuthenticationError: Unauthorized token! Invalid or empty tokens.',
        '    at AuthDataSource.eval (webpack-internal:///./src/graphql/resolvers/authentication/authentication.datasource.ts:86:23)',
        '    at Generator.next (<anonymous>)',
        '    at fulfilled (webpack-internal:///./src/graphql/resolvers/authentication/authentication.datasource.ts:5:58)',
        '    at runMicrotasks (<anonymous>)',
        '    at processTicksAndRejections (internal/process/task_queues.js:95:5)'
      ],
      message: 'Unauthorized token! Invalid or empty tokens.',
      locations: [ { line: 1, column: 2 } ],
      path: [ 'refreshTokens' ]
    }
  },
  level: 'error',
  timestamp: '2022-07-07 21:09:11',
  stack: undefined
}
{
  message: 'Unauthorized token! Invalid or empty tokens.',
  locations: undefined,
  path: undefined,
  extensions: {
    code: 'UNAUTHENTICATED',
    serviceName: 'auth',
    exception: {
      stacktrace: [
        'AuthenticationError: Unauthorized token! Invalid or empty tokens.',
        '    at AuthDataSource.eval (webpack-internal:///./src/graphql/resolvers/authentication/authentication.datasource.ts:86:23)',
        '    at Generator.next (<anonymous>)',
        '    at fulfilled (webpack-internal:///./src/graphql/resolvers/authentication/authentication.datasource.ts:5:58)',
        '    at runMicrotasks (<anonymous>)',
        '    at processTicksAndRejections (internal/process/task_queues.js:95:5)'
      ],
      message: 'Unauthorized token! Invalid or empty tokens.',
      locations: [ { line: 1, column: 25 } ],
      path: [ 'verifyMe' ]
    }
  },
  level: 'error',
  timestamp: '2022-07-07 21:09:11',
  stack: undefined
}
{
  message: 'Unauthorized token! Invalid or empty tokens.',
  locations: undefined,
  path: undefined,
  extensions: {
    code: 'UNAUTHENTICATED',
    serviceName: 'auth',
    exception: {
      stacktrace: [
        'AuthenticationError: Unauthorized token! Invalid or empty tokens.',
        '    at AuthDataSource.eval (webpack-internal:///./src/graphql/resolvers/authentication/authentication.datasource.ts:86:23)',
        '    at Generator.next (<anonymous>)',
        '    at fulfilled (webpack-internal:///./src/graphql/resolvers/authentication/authentication.datasource.ts:5:58)',
        '    at runMicrotasks (<anonymous>)',
        '    at processTicksAndRejections (internal/process/task_queues.js:95:5)'
      ],
      message: 'Unauthorized token! Invalid or empty tokens.',
      locations: [ { line: 1, column: 25 } ],
      path: [ 'verifyMe' ]
    }
  },
  level: 'error',
  timestamp: '2022-07-07 21:09:24',
  stack: undefined
}
{
  message: 'Unauthorized token! Invalid or empty tokens.',
  locations: undefined,
  path: undefined,
  extensions: {
    code: 'UNAUTHENTICATED',
    serviceName: 'auth',
    exception: {
      stacktrace: [
        'AuthenticationError: Unauthorized token! Invalid or empty tokens.',
        '    at AuthDataSource.eval (webpack-internal:///./src/graphql/resolvers/authentication/authentication.datasource.ts:86:23)',
        '    at Generator.next (<anonymous>)',
        '    at fulfilled (webpack-internal:///./src/graphql/resolvers/authentication/authentication.datasource.ts:5:58)',
        '    at runMicrotasks (<anonymous>)',
        '    at processTicksAndRejections (internal/process/task_queues.js:95:5)'
      ],
      message: 'Unauthorized token! Invalid or empty tokens.',
      locations: [ { line: 1, column: 2 } ],
      path: [ 'refreshTokens' ]
    }
  },
  level: 'error',
  timestamp: '2022-07-07 21:09:24',
  stack: undefined
}
{
  message: 'Unauthorized token! Invalid or empty tokens.',
  locations: undefined,
  path: undefined,
  extensions: {
    code: 'UNAUTHENTICATED',
    serviceName: 'auth',
    exception: {
      stacktrace: [
        'AuthenticationError: Unauthorized token! Invalid or empty tokens.',
        '    at AuthDataSource.eval (webpack-internal:///./src/graphql/resolvers/authentication/authentication.datasource.ts:86:23)',
        '    at Generator.next (<anonymous>)',
        '    at fulfilled (webpack-internal:///./src/graphql/resolvers/authentication/authentication.datasource.ts:5:58)',
        '    at runMicrotasks (<anonymous>)',
        '    at processTicksAndRejections (internal/process/task_queues.js:95:5)'
      ],
      message: 'Unauthorized token! Invalid or empty tokens.',
      locations: [ { line: 1, column: 25 } ],
      path: [ 'verifyMe' ]
    }
  },
  level: 'error',
  timestamp: '2022-07-07 21:09:24',
  stack: undefined
}
{
  message: 'Unauthorized token! Invalid or empty tokens.',
  locations: undefined,
  path: undefined,
  extensions: {
    code: 'UNAUTHENTICATED',
    serviceName: 'auth',
    exception: {
      stacktrace: [
        'AuthenticationError: Unauthorized token! Invalid or empty tokens.',
        '    at AuthDataSource.eval (webpack-internal:///./src/graphql/resolvers/authentication/authentication.datasource.ts:86:23)',
        '    at Generator.next (<anonymous>)',
        '    at fulfilled (webpack-internal:///./src/graphql/resolvers/authentication/authentication.datasource.ts:5:58)',
        '    at runMicrotasks (<anonymous>)',
        '    at processTicksAndRejections (internal/process/task_queues.js:95:5)'
      ],
      message: 'Unauthorized token! Invalid or empty tokens.',
      locations: [ { line: 1, column: 25 } ],
      path: [ 'verifyMe' ]
    }
  },
  level: 'error',
  timestamp: '2022-07-07 21:09:27',
  stack: undefined
}
{
  message: 'Unauthorized token! Invalid or empty tokens.',
  locations: undefined,
  path: undefined,
  extensions: {
    code: 'UNAUTHENTICATED',
    serviceName: 'auth',
    exception: {
      stacktrace: [
        'AuthenticationError: Unauthorized token! Invalid or empty tokens.',
        '    at AuthDataSource.eval (webpack-internal:///./src/graphql/resolvers/authentication/authentication.datasource.ts:86:23)',
        '    at Generator.next (<anonymous>)',
        '    at fulfilled (webpack-internal:///./src/graphql/resolvers/authentication/authentication.datasource.ts:5:58)',
        '    at runMicrotasks (<anonymous>)',
        '    at processTicksAndRejections (internal/process/task_queues.js:95:5)'
      ],
      message: 'Unauthorized token! Invalid or empty tokens.',
      locations: [ { line: 1, column: 2 } ],
      path: [ 'refreshTokens' ]
    }
  },
  level: 'error',
  timestamp: '2022-07-07 21:09:27',
  stack: undefined
}
{
  message: 'Unauthorized token! Invalid or empty tokens.',
  locations: undefined,
  path: undefined,
  extensions: {
    code: 'UNAUTHENTICATED',
    serviceName: 'auth',
    exception: {
      stacktrace: [
        'AuthenticationError: Unauthorized token! Invalid or empty tokens.',
        '    at AuthDataSource.eval (webpack-internal:///./src/graphql/resolvers/authentication/authentication.datasource.ts:86:23)',
        '    at Generator.next (<anonymous>)',
        '    at fulfilled (webpack-internal:///./src/graphql/resolvers/authentication/authentication.datasource.ts:5:58)',
        '    at runMicrotasks (<anonymous>)',
        '    at processTicksAndRejections (internal/process/task_queues.js:95:5)'
      ],
      message: 'Unauthorized token! Invalid or empty tokens.',
      locations: [ { line: 1, column: 25 } ],
      path: [ 'verifyMe' ]
    }
  },
  level: 'error',
  timestamp: '2022-07-07 21:09:27',
  stack: undefined
}
{
  message: 'Unauthorized token! Invalid or empty tokens.',
  locations: undefined,
  path: undefined,
  extensions: {
    code: 'UNAUTHENTICATED',
    serviceName: 'auth',
    exception: {
      stacktrace: [
        'AuthenticationError: Unauthorized token! Invalid or empty tokens.',
        '    at AuthDataSource.eval (webpack-internal:///./src/graphql/resolvers/authentication/authentication.datasource.ts:86:23)',
        '    at Generator.next (<anonymous>)',
        '    at fulfilled (webpack-internal:///./src/graphql/resolvers/authentication/authentication.datasource.ts:5:58)',
        '    at runMicrotasks (<anonymous>)',
        '    at processTicksAndRejections (internal/process/task_queues.js:95:5)'
      ],
      message: 'Unauthorized token! Invalid or empty tokens.',
      locations: [ { line: 1, column: 31 } ],
      path: [ 'querier' ]
    }
  },
  level: 'error',
  timestamp: '2022-07-07 21:10:51',
  stack: undefined
}
{
  message: 'Unauthorized token! Invalid or empty tokens.',
  locations: undefined,
  path: undefined,
  extensions: {
    code: 'UNAUTHENTICATED',
    serviceName: 'auth',
    exception: {
      stacktrace: [
        'AuthenticationError: Unauthorized token! Invalid or empty tokens.',
        '    at AuthDataSource.eval (webpack-internal:///./src/graphql/resolvers/authentication/authentication.datasource.ts:86:23)',
        '    at Generator.next (<anonymous>)',
        '    at fulfilled (webpack-internal:///./src/graphql/resolvers/authentication/authentication.datasource.ts:5:58)',
        '    at runMicrotasks (<anonymous>)',
        '    at processTicksAndRejections (internal/process/task_queues.js:95:5)'
      ],
      message: 'Unauthorized token! Invalid or empty tokens.',
      locations: [ { line: 1, column: 2 } ],
      path: [ 'refreshTokens' ]
    }
  },
  level: 'error',
  timestamp: '2022-07-07 21:10:51',
  stack: undefined
}
{
  message: 'Unauthorized token! Invalid or empty tokens.',
  locations: undefined,
  path: undefined,
  extensions: {
    code: 'UNAUTHENTICATED',
    serviceName: 'auth',
    exception: {
      stacktrace: [
        'AuthenticationError: Unauthorized token! Invalid or empty tokens.',
        '    at AuthDataSource.eval (webpack-internal:///./src/graphql/resolvers/authentication/authentication.datasource.ts:86:23)',
        '    at Generator.next (<anonymous>)',
        '    at fulfilled (webpack-internal:///./src/graphql/resolvers/authentication/authentication.datasource.ts:5:58)',
        '    at runMicrotasks (<anonymous>)',
        '    at processTicksAndRejections (internal/process/task_queues.js:95:5)'
      ],
      message: 'Unauthorized token! Invalid or empty tokens.',
      locations: [ { line: 1, column: 31 } ],
      path: [ 'querier' ]
    }
  },
  level: 'error',
  timestamp: '2022-07-07 21:10:51',
  stack: undefined
}
{
  message: 'Unauthorized token! Invalid or empty tokens.',
  locations: undefined,
  path: undefined,
  extensions: {
    code: 'UNAUTHENTICATED',
    serviceName: 'auth',
    exception: {
      stacktrace: [
        'AuthenticationError: Unauthorized token! Invalid or empty tokens.',
        '    at AuthDataSource.eval (webpack-internal:///./src/graphql/resolvers/authentication/authentication.datasource.ts:86:23)',
        '    at Generator.next (<anonymous>)',
        '    at fulfilled (webpack-internal:///./src/graphql/resolvers/authentication/authentication.datasource.ts:5:58)',
        '    at runMicrotasks (<anonymous>)',
        '    at processTicksAndRejections (internal/process/task_queues.js:95:5)'
      ],
      message: 'Unauthorized token! Invalid or empty tokens.',
      locations: [ { line: 1, column: 25 } ],
      path: [ 'verifyMe' ]
    }
  },
  level: 'error',
  timestamp: '2022-07-07 21:10:52',
  stack: undefined
}
{
  message: 'Unauthorized token! Invalid or empty tokens.',
  locations: undefined,
  path: undefined,
  extensions: {
    code: 'UNAUTHENTICATED',
    serviceName: 'auth',
    exception: {
      stacktrace: [
        'AuthenticationError: Unauthorized token! Invalid or empty tokens.',
        '    at AuthDataSource.eval (webpack-internal:///./src/graphql/resolvers/authentication/authentication.datasource.ts:86:23)',
        '    at Generator.next (<anonymous>)',
        '    at fulfilled (webpack-internal:///./src/graphql/resolvers/authentication/authentication.datasource.ts:5:58)',
        '    at runMicrotasks (<anonymous>)',
        '    at processTicksAndRejections (internal/process/task_queues.js:95:5)'
      ],
      message: 'Unauthorized token! Invalid or empty tokens.',
      locations: [ { line: 1, column: 2 } ],
      path: [ 'refreshTokens' ]
    }
  },
  level: 'error',
  timestamp: '2022-07-07 21:10:53',
  stack: undefined
}
{
  message: 'Unauthorized token! Invalid or empty tokens.',
  locations: undefined,
  path: undefined,
  extensions: {
    code: 'UNAUTHENTICATED',
    serviceName: 'auth',
    exception: {
      stacktrace: [
        'AuthenticationError: Unauthorized token! Invalid or empty tokens.',
        '    at AuthDataSource.eval (webpack-internal:///./src/graphql/resolvers/authentication/authentication.datasource.ts:86:23)',
        '    at Generator.next (<anonymous>)',
        '    at fulfilled (webpack-internal:///./src/graphql/resolvers/authentication/authentication.datasource.ts:5:58)',
        '    at runMicrotasks (<anonymous>)',
        '    at processTicksAndRejections (internal/process/task_queues.js:95:5)'
      ],
      message: 'Unauthorized token! Invalid or empty tokens.',
      locations: [ { line: 1, column: 25 } ],
      path: [ 'verifyMe' ]
    }
  },
  level: 'error',
  timestamp: '2022-07-07 21:10:53',
  stack: undefined
}
{
  message: 'Unauthorized token! Token expired.',
  locations: undefined,
  path: undefined,
  extensions: {
    code: 'UNAUTHENTICATED',
    serviceName: 'auth',
    exception: {
      stacktrace: [
        'AuthenticationError: Unauthorized token! Token expired.',
        '    at AuthDataSource.eval (webpack-internal:///./src/graphql/resolvers/authentication/authentication.datasource.ts:84:23)',
        '    at Generator.next (<anonymous>)',
        '    at fulfilled (webpack-internal:///./src/graphql/resolvers/authentication/authentication.datasource.ts:5:58)',
        '    at runMicrotasks (<anonymous>)',
        '    at processTicksAndRejections (internal/process/task_queues.js:95:5)'
      ],
      message: 'Unauthorized token! Token expired.',
      locations: [ { line: 1, column: 25 } ],
      path: [ 'verifyMe' ]
    }
  },
  level: 'error',
  timestamp: '2022-07-07 21:47:10',
  stack: undefined
}
{
  message: 'get is not defined',
  locations: undefined,
  path: undefined,
  extensions: {
    code: 'INTERNAL_SERVER_ERROR',
    serviceName: 'coding_school',
    exception: {
      stacktrace: [
        'ReferenceError: get is not defined',
        '    at PostContentDataSource.eval (webpack-internal:///./src/graphql/resolvers/postContent/postContent.datasource.ts:50:21)',
        '    at Generator.next (<anonymous>)',
        '    at fulfilled (webpack-internal:///./src/graphql/resolvers/postContent/postContent.datasource.ts:5:58)',
        '    at processTicksAndRejections (internal/process/task_queues.js:95:5)'
      ],
      message: 'get is not defined',
      locations: [ { line: 1, column: 158 } ],
      path: [ 'getCourseContents', 0, 'postContents' ]
    }
  },
  level: 'error',
  timestamp: '2022-07-07 21:54:30',
  stack: undefined
}
{
  message: 'get is not defined',
  locations: undefined,
  path: undefined,
  extensions: {
    code: 'INTERNAL_SERVER_ERROR',
    serviceName: 'coding_school',
    exception: {
      stacktrace: [
        'ReferenceError: get is not defined',
        '    at PostContentDataSource.eval (webpack-internal:///./src/graphql/resolvers/postContent/postContent.datasource.ts:50:21)',
        '    at Generator.next (<anonymous>)',
        '    at fulfilled (webpack-internal:///./src/graphql/resolvers/postContent/postContent.datasource.ts:5:58)',
        '    at processTicksAndRejections (internal/process/task_queues.js:95:5)'
      ],
      message: 'get is not defined',
      locations: [ { line: 1, column: 158 } ],
      path: [ 'getCourseContents', 1, 'postContents' ]
    }
  },
  level: 'error',
  timestamp: '2022-07-07 21:54:30',
  stack: undefined
}
{
  message: '(0 , lodash_1.get)(...).match is not a function',
  locations: undefined,
  path: undefined,
  extensions: {
    code: 'INTERNAL_SERVER_ERROR',
    serviceName: 'coding_school',
    exception: {
      stacktrace: [
        'TypeError: (0 , lodash_1.get)(...).match is not a function',
        '    at PostContentDataSource.eval (webpack-internal:///./src/graphql/resolvers/postContent/postContent.datasource.ts:49:97)',
        '    at Generator.next (<anonymous>)',
        '    at fulfilled (webpack-internal:///./src/graphql/resolvers/postContent/postContent.datasource.ts:5:58)',
        '    at processTicksAndRejections (internal/process/task_queues.js:95:5)'
      ],
      message: '(0 , lodash_1.get)(...).match is not a function',
      locations: [ { line: 1, column: 158 } ],
      path: [ 'getCourseContents', 0, 'postContents' ]
    }
  },
  level: 'error',
  timestamp: '2022-07-07 22:09:08',
  stack: undefined
}
{
  message: '(0 , lodash_1.get)(...).match is not a function',
  locations: undefined,
  path: undefined,
  extensions: {
    code: 'INTERNAL_SERVER_ERROR',
    serviceName: 'coding_school',
    exception: {
      stacktrace: [
        'TypeError: (0 , lodash_1.get)(...).match is not a function',
        '    at PostContentDataSource.eval (webpack-internal:///./src/graphql/resolvers/postContent/postContent.datasource.ts:49:97)',
        '    at Generator.next (<anonymous>)',
        '    at fulfilled (webpack-internal:///./src/graphql/resolvers/postContent/postContent.datasource.ts:5:58)',
        '    at processTicksAndRejections (internal/process/task_queues.js:95:5)'
      ],
      message: '(0 , lodash_1.get)(...).match is not a function',
      locations: [ { line: 1, column: 158 } ],
      path: [ 'getCourseContents', 1, 'postContents' ]
    }
  },
  level: 'error',
  timestamp: '2022-07-07 22:09:08',
  stack: undefined
}
{
  message: 'Unauthorized token! Invalid or empty tokens.',
  locations: undefined,
  path: undefined,
  extensions: {
    code: 'UNAUTHENTICATED',
    serviceName: 'auth',
    exception: {
      stacktrace: [
        'AuthenticationError: Unauthorized token! Invalid or empty tokens.',
        '    at AuthDataSource.eval (webpack-internal:///./src/graphql/resolvers/authentication/authentication.datasource.ts:86:23)',
        '    at Generator.next (<anonymous>)',
        '    at fulfilled (webpack-internal:///./src/graphql/resolvers/authentication/authentication.datasource.ts:5:58)',
        '    at runMicrotasks (<anonymous>)',
        '    at processTicksAndRejections (internal/process/task_queues.js:95:5)'
      ],
      message: 'Unauthorized token! Invalid or empty tokens.',
      locations: [ { line: 1, column: 25 } ],
      path: [ 'verifyMe' ]
    }
  },
  level: 'error',
  timestamp: '2022-07-07 22:09:10',
  stack: undefined
}
{
  message: 'Unauthorized token! Invalid or empty tokens.',
  locations: undefined,
  path: undefined,
  extensions: {
    code: 'UNAUTHENTICATED',
    serviceName: 'auth',
    exception: {
      stacktrace: [
        'AuthenticationError: Unauthorized token! Invalid or empty tokens.',
        '    at AuthDataSource.eval (webpack-internal:///./src/graphql/resolvers/authentication/authentication.datasource.ts:86:23)',
        '    at Generator.next (<anonymous>)',
        '    at fulfilled (webpack-internal:///./src/graphql/resolvers/authentication/authentication.datasource.ts:5:58)',
        '    at runMicrotasks (<anonymous>)',
        '    at processTicksAndRejections (internal/process/task_queues.js:95:5)'
      ],
      message: 'Unauthorized token! Invalid or empty tokens.',
      locations: [ { line: 1, column: 25 } ],
      path: [ 'verifyMe' ]
    }
  },
  level: 'error',
  timestamp: '2022-07-07 22:27:39',
  stack: undefined
}
{
  message: 'Unauthorized token! Invalid or empty tokens.',
  locations: undefined,
  path: undefined,
  extensions: {
    code: 'UNAUTHENTICATED',
    serviceName: 'auth',
    exception: {
      stacktrace: [
        'AuthenticationError: Unauthorized token! Invalid or empty tokens.',
        '    at AuthDataSource.eval (webpack-internal:///./src/graphql/resolvers/authentication/authentication.datasource.ts:86:23)',
        '    at Generator.next (<anonymous>)',
        '    at fulfilled (webpack-internal:///./src/graphql/resolvers/authentication/authentication.datasource.ts:5:58)',
        '    at runMicrotasks (<anonymous>)',
        '    at processTicksAndRejections (internal/process/task_queues.js:95:5)'
      ],
      message: 'Unauthorized token! Invalid or empty tokens.',
      locations: [ { line: 1, column: 25 } ],
      path: [ 'verifyMe' ]
    }
  },
  level: 'error',
  timestamp: '2022-07-07 22:47:54',
  stack: undefined
}
{
  message: 'Unauthorized token! Invalid or empty tokens.',
  locations: undefined,
  path: undefined,
  extensions: {
    code: 'UNAUTHENTICATED',
    serviceName: 'auth',
    exception: {
      stacktrace: [
        'AuthenticationError: Unauthorized token! Invalid or empty tokens.',
        '    at AuthDataSource.eval (webpack-internal:///./src/graphql/resolvers/authentication/authentication.datasource.ts:86:23)',
        '    at Generator.next (<anonymous>)',
        '    at fulfilled (webpack-internal:///./src/graphql/resolvers/authentication/authentication.datasource.ts:5:58)',
        '    at runMicrotasks (<anonymous>)',
        '    at processTicksAndRejections (internal/process/task_queues.js:95:5)'
      ],
      message: 'Unauthorized token! Invalid or empty tokens.',
      locations: [ { line: 1, column: 25 } ],
      path: [ 'verifyMe' ]
    }
  },
  level: 'error',
  timestamp: '2022-07-07 23:04:25',
  stack: undefined
}
